<?xml version="1.0" encoding="UTF-8"?>
<!-- Generated by org.testng.reporters.JUnitReportReporter -->
<testsuite hostname="LAPTOP-HJUU1RAP" failures="0" tests="1" name="testNG.OllionTestTest" time="13.859" errors="0" timestamp="2024-01-31T13:49:49 IST" skipped="0">
  <testcase classname="testNG.OllionTestTest" name="Test1" time="13.859"/>
  <system-out/>
</testsuite> <!-- testNG.OllionTestTest -->
