<?xml version="1.0" encoding="UTF-8"?>
<!-- Generated by org.testng.reporters.JUnitReportReporter -->
<testsuite hostname="LAPTOP-HJUU1RAP" failures="0" tests="1" name="testNG.FirstTest" time="4.727" errors="0" timestamp="2024-01-05T10:38:57 IST" skipped="0">
  <testcase classname="testNG.FirstTest" name="login" time="4.727"/>
  <system-out/>
</testsuite> <!-- testNG.FirstTest -->
